<?xml version="1.0" encoding="UTF-8"?>
<!-- Generated by org.testng.reporters.JUnitXMLReporter -->
<testsuite ignored="0" hostname="sebin" failures="1" tests="1" name="Test-Load" time="0.145" errors="0" timestamp="2024-11-12T02:37:04 IST">
  <testcase classname="com.ospyn.ktu.test.ResultCorrection1" name="@AfterMethod getResult" time="0.112">
    <failure type="java.lang.NullPointerException" message="Cannot invoke &amp;quot;com.ospyn.ktu.util.GenerateExtentReport.addScreenShotToLog(String)&amp;quot; because &amp;quot;com.ospyn.ktu.test.ResultCorrection1.report&amp;quot; is null">
      <![CDATA[java.lang.NullPointerException: Cannot invoke "com.ospyn.ktu.util.GenerateExtentReport.addScreenShotToLog(String)" because "com.ospyn.ktu.test.ResultCorrection1.report" is null
at com.ospyn.ktu.test.ResultCorrection1.getResult(ResultCorrection1.java:86)
at java.base/java.util.ArrayList.forEach(ArrayList.java:1511)
... Removed 32 stack frames]]>
    </failure>
  </testcase> <!-- @AfterMethod getResult -->
  <testcase classname="com.ospyn.ktu.test.ResultCorrection1" name="Happy_Flow" time="0.003">
    <failure type="java.lang.NullPointerException" message="Cannot invoke &amp;quot;com.ospyn.ktu.util.GenerateExtentReport.beginTest(String)&amp;quot; because &amp;quot;com.ospyn.ktu.test.ResultCorrection1.report&amp;quot; is null">
      <![CDATA[java.lang.NullPointerException: Cannot invoke "com.ospyn.ktu.util.GenerateExtentReport.beginTest(String)" because "com.ospyn.ktu.test.ResultCorrection1.report" is null
at com.ospyn.ktu.test.ResultCorrection1.Happy_Flow(ResultCorrection1.java:127)
at java.base/java.util.ArrayList.forEach(ArrayList.java:1511)
... Removed 27 stack frames]]>
    </failure>
  </testcase> <!-- Happy_Flow -->
</testsuite> <!-- Test-Load -->
