<?xml version="1.0" encoding="UTF-8"?>
<testsuite xmlns:xsi="http://www.w3.org/2001/XMLSchema-instance" xsi:noNamespaceSchemaLocation="https://maven.apache.org/surefire/maven-surefire-plugin/xsd/surefire-test-report.xsd" version="3.0.2" name="TestSuite" time="18.146" tests="2" errors="0" skipped="0" failures="0">
  <properties>
    <property name="surefire.suiteXmlFiles" value="XMLTest1.xml"/>
    <property name="java.specification.version" value="17"/>
    <property name="webdriver.chrome.driver" value="/home/u1780/MainProject/KTU_AutomationTestNG/Driver_new/chromedriver"/>
    <property name="sun.jnu.encoding" value="UTF-8"/>
    <property name="sun.awt.enableExtraMouseButtons" value="true"/>
    <property name="java.class.path" value="/home/u1780/MainProject/KTU_AutomationTestNG/target/test-classes:/home/u1780/MainProject/KTU_AutomationTestNG/target/classes:/home/u1780/.m2/repository/org/testng/testng/7.3.0/testng-7.3.0.jar:/home/u1780/.m2/repository/com/beust/jcommander/1.78/jcommander-1.78.jar:/home/u1780/.m2/repository/org/apache/ant/ant/1.10.3/ant-1.10.3.jar:/home/u1780/.m2/repository/org/apache/ant/ant-launcher/1.10.3/ant-launcher-1.10.3.jar:/home/u1780/.m2/repository/junit/junit/4.12/junit-4.12.jar:/home/u1780/.m2/repository/org/hamcrest/hamcrest-core/1.3/hamcrest-core-1.3.jar:/home/u1780/.m2/repository/com/google/inject/guice/4.2.2/guice-4.2.2-no_aop.jar:/home/u1780/.m2/repository/javax/inject/javax.inject/1/javax.inject-1.jar:/home/u1780/.m2/repository/aopalliance/aopalliance/1.0/aopalliance-1.0.jar:/home/u1780/.m2/repository/org/yaml/snakeyaml/1.21/snakeyaml-1.21.jar:/home/u1780/.m2/repository/org/seleniumhq/selenium/selenium-java/3.141.59/selenium-java-3.141.59.jar:/home/u1780/.m2/repository/org/seleniumhq/selenium/selenium-api/3.141.59/selenium-api-3.141.59.jar:/home/u1780/.m2/repository/org/seleniumhq/selenium/selenium-chrome-driver/3.141.59/selenium-chrome-driver-3.141.59.jar:/home/u1780/.m2/repository/org/seleniumhq/selenium/selenium-edge-driver/3.141.59/selenium-edge-driver-3.141.59.jar:/home/u1780/.m2/repository/org/seleniumhq/selenium/selenium-firefox-driver/3.141.59/selenium-firefox-driver-3.141.59.jar:/home/u1780/.m2/repository/org/seleniumhq/selenium/selenium-ie-driver/3.141.59/selenium-ie-driver-3.141.59.jar:/home/u1780/.m2/repository/org/seleniumhq/selenium/selenium-opera-driver/3.141.59/selenium-opera-driver-3.141.59.jar:/home/u1780/.m2/repository/org/seleniumhq/selenium/selenium-remote-driver/3.141.59/selenium-remote-driver-3.141.59.jar:/home/u1780/.m2/repository/org/seleniumhq/selenium/selenium-safari-driver/3.141.59/selenium-safari-driver-3.141.59.jar:/home/u1780/.m2/repository/org/seleniumhq/selenium/selenium-support/3.141.59/selenium-support-3.141.59.jar:/home/u1780/.m2/repository/net/bytebuddy/byte-buddy/1.8.15/byte-buddy-1.8.15.jar:/home/u1780/.m2/repository/org/apache/commons/commons-exec/1.3/commons-exec-1.3.jar:/home/u1780/.m2/repository/com/google/guava/guava/25.0-jre/guava-25.0-jre.jar:/home/u1780/.m2/repository/com/google/code/findbugs/jsr305/1.3.9/jsr305-1.3.9.jar:/home/u1780/.m2/repository/org/checkerframework/checker-compat-qual/2.0.0/checker-compat-qual-2.0.0.jar:/home/u1780/.m2/repository/com/google/errorprone/error_prone_annotations/2.1.3/error_prone_annotations-2.1.3.jar:/home/u1780/.m2/repository/com/google/j2objc/j2objc-annotations/1.1/j2objc-annotations-1.1.jar:/home/u1780/.m2/repository/org/codehaus/mojo/animal-sniffer-annotations/1.14/animal-sniffer-annotations-1.14.jar:/home/u1780/.m2/repository/com/squareup/okhttp3/okhttp/3.11.0/okhttp-3.11.0.jar:/home/u1780/.m2/repository/com/squareup/okio/okio/1.14.0/okio-1.14.0.jar:/home/u1780/.m2/repository/org/apache/pdfbox/pdfbox/2.0.23/pdfbox-2.0.23.jar:/home/u1780/.m2/repository/org/apache/pdfbox/fontbox/2.0.23/fontbox-2.0.23.jar:/home/u1780/.m2/repository/commons-logging/commons-logging/1.2/commons-logging-1.2.jar:/home/u1780/.m2/repository/com/fasterxml/jackson/dataformat/jackson-dataformat-properties/2.12.3/jackson-dataformat-properties-2.12.3.jar:/home/u1780/.m2/repository/com/fasterxml/jackson/core/jackson-databind/2.12.3/jackson-databind-2.12.3.jar:/home/u1780/.m2/repository/com/fasterxml/jackson/core/jackson-annotations/2.12.3/jackson-annotations-2.12.3.jar:/home/u1780/.m2/repository/com/fasterxml/jackson/core/jackson-core/2.12.3/jackson-core-2.12.3.jar:/home/u1780/.m2/repository/io/github/bonigarcia/webdrivermanager/5.9.2/webdrivermanager-5.9.2.jar:/home/u1780/.m2/repository/org/slf4j/slf4j-api/2.0.13/slf4j-api-2.0.13.jar:/home/u1780/.m2/repository/com/google/code/gson/gson/2.11.0/gson-2.11.0.jar:/home/u1780/.m2/repository/com/github/docker-java/docker-java/3.4.0/docker-java-3.4.0.jar:/home/u1780/.m2/repository/com/github/docker-java/docker-java-core/3.4.0/docker-java-core-3.4.0.jar:/home/u1780/.m2/repository/com/github/docker-java/docker-java-api/3.4.0/docker-java-api-3.4.0.jar:/home/u1780/.m2/repository/org/slf4j/jcl-over-slf4j/1.7.30/jcl-over-slf4j-1.7.30.jar:/home/u1780/.m2/repository/com/github/docker-java/docker-java-transport-httpclient5/3.4.0/docker-java-transport-httpclient5-3.4.0.jar:/home/u1780/.m2/repository/com/github/docker-java/docker-java-transport/3.4.0/docker-java-transport-3.4.0.jar:/home/u1780/.m2/repository/net/java/dev/jna/jna/5.13.0/jna-5.13.0.jar:/home/u1780/.m2/repository/org/brotli/dec/0.1.2/dec-0.1.2.jar:/home/u1780/.m2/repository/org/apache/commons/commons-lang3/3.15.0/commons-lang3-3.15.0.jar:/home/u1780/.m2/repository/org/apache/commons/commons-compress/1.26.2/commons-compress-1.26.2.jar:/home/u1780/.m2/repository/org/apache/httpcomponents/client5/httpclient5/5.2.1/httpclient5-5.2.1.jar:/home/u1780/.m2/repository/org/apache/httpcomponents/core5/httpcore5/5.2/httpcore5-5.2.jar:/home/u1780/.m2/repository/org/apache/httpcomponents/core5/httpcore5-h2/5.2/httpcore5-h2-5.2.jar:/home/u1780/.m2/repository/com/relevantcodes/extentreports/2.40.2/extentreports-2.40.2.jar:/home/u1780/.m2/repository/org/xerial/sqlite-jdbc/3.8.11.1/sqlite-jdbc-3.8.11.1.jar:/home/u1780/.m2/repository/org/freemarker/freemarker/2.3.23/freemarker-2.3.23.jar:/home/u1780/.m2/repository/com/aventstack/extentreports/5.0.9/extentreports-5.0.9.jar:/home/u1780/.m2/repository/io/reactivex/rxjava3/rxjava/3.0.4/rxjava-3.0.4.jar:/home/u1780/.m2/repository/org/reactivestreams/reactive-streams/1.0.3/reactive-streams-1.0.3.jar:/home/u1780/.m2/repository/org/apache/poi/poi/5.2.2/poi-5.2.2.jar:/home/u1780/.m2/repository/commons-codec/commons-codec/1.15/commons-codec-1.15.jar:/home/u1780/.m2/repository/org/apache/commons/commons-collections4/4.4/commons-collections4-4.4.jar:/home/u1780/.m2/repository/org/apache/commons/commons-math3/3.6.1/commons-math3-3.6.1.jar:/home/u1780/.m2/repository/commons-io/commons-io/2.11.0/commons-io-2.11.0.jar:/home/u1780/.m2/repository/com/zaxxer/SparseBitSet/1.2/SparseBitSet-1.2.jar:/home/u1780/.m2/repository/org/apache/logging/log4j/log4j-api/2.17.2/log4j-api-2.17.2.jar:/home/u1780/.m2/repository/org/apache/poi/poi-ooxml/5.2.2/poi-ooxml-5.2.2.jar:/home/u1780/.m2/repository/org/apache/poi/poi-ooxml-lite/5.2.2/poi-ooxml-lite-5.2.2.jar:/home/u1780/.m2/repository/org/apache/xmlbeans/xmlbeans/5.0.3/xmlbeans-5.0.3.jar:/home/u1780/.m2/repository/com/github/virtuald/curvesapi/1.07/curvesapi-1.07.jar:/home/u1780/.m2/repository/org/jsoup/jsoup/1.13.1/jsoup-1.13.1.jar:/home/u1780/.m2/repository/com/mysql/mysql-connector-j/9.1.0/mysql-connector-j-9.1.0.jar:/home/u1780/.m2/repository/com/google/protobuf/protobuf-java/4.26.1/protobuf-java-4.26.1.jar:/home/u1780/.m2/repository/org/projectlombok/lombok/1.18.30/lombok-1.18.30.jar:"/>
    <property name="java.vm.vendor" value="Ubuntu"/>
    <property name="sun.arch.data.model" value="64"/>
    <property name="sun.font.fontmanager" value="sun.awt.X11FontManager"/>
    <property name="java.vendor.url" value="https://ubuntu.com/"/>
    <property name="user.timezone" value="Asia/Kolkata"/>
    <property name="os.name" value="Linux"/>
    <property name="java.vm.specification.version" value="17"/>
    <property name="sun.java.launcher" value="SUN_STANDARD"/>
    <property name="user.country" value="IN"/>
    <property name="sun.boot.library.path" value="/usr/lib/jvm/java-17-openjdk-amd64/lib"/>
    <property name="sun.java.command" value="/home/u1780/MainProject/KTU_AutomationTestNG/target/surefire/surefirebooter-20250205090548567_3.jar /home/u1780/MainProject/KTU_AutomationTestNG/target/surefire 2025-02-05T09-05-48_500-jvmRun1 surefire-20250205090548567_1tmp surefire_0-20250205090548567_2tmp"/>
    <property name="jdk.debug" value="release"/>
    <property name="surefire.test.class.path" value="/home/u1780/MainProject/KTU_AutomationTestNG/target/test-classes:/home/u1780/MainProject/KTU_AutomationTestNG/target/classes:/home/u1780/.m2/repository/org/testng/testng/7.3.0/testng-7.3.0.jar:/home/u1780/.m2/repository/com/beust/jcommander/1.78/jcommander-1.78.jar:/home/u1780/.m2/repository/org/apache/ant/ant/1.10.3/ant-1.10.3.jar:/home/u1780/.m2/repository/org/apache/ant/ant-launcher/1.10.3/ant-launcher-1.10.3.jar:/home/u1780/.m2/repository/junit/junit/4.12/junit-4.12.jar:/home/u1780/.m2/repository/org/hamcrest/hamcrest-core/1.3/hamcrest-core-1.3.jar:/home/u1780/.m2/repository/com/google/inject/guice/4.2.2/guice-4.2.2-no_aop.jar:/home/u1780/.m2/repository/javax/inject/javax.inject/1/javax.inject-1.jar:/home/u1780/.m2/repository/aopalliance/aopalliance/1.0/aopalliance-1.0.jar:/home/u1780/.m2/repository/org/yaml/snakeyaml/1.21/snakeyaml-1.21.jar:/home/u1780/.m2/repository/org/seleniumhq/selenium/selenium-java/3.141.59/selenium-java-3.141.59.jar:/home/u1780/.m2/repository/org/seleniumhq/selenium/selenium-api/3.141.59/selenium-api-3.141.59.jar:/home/u1780/.m2/repository/org/seleniumhq/selenium/selenium-chrome-driver/3.141.59/selenium-chrome-driver-3.141.59.jar:/home/u1780/.m2/repository/org/seleniumhq/selenium/selenium-edge-driver/3.141.59/selenium-edge-driver-3.141.59.jar:/home/u1780/.m2/repository/org/seleniumhq/selenium/selenium-firefox-driver/3.141.59/selenium-firefox-driver-3.141.59.jar:/home/u1780/.m2/repository/org/seleniumhq/selenium/selenium-ie-driver/3.141.59/selenium-ie-driver-3.141.59.jar:/home/u1780/.m2/repository/org/seleniumhq/selenium/selenium-opera-driver/3.141.59/selenium-opera-driver-3.141.59.jar:/home/u1780/.m2/repository/org/seleniumhq/selenium/selenium-remote-driver/3.141.59/selenium-remote-driver-3.141.59.jar:/home/u1780/.m2/repository/org/seleniumhq/selenium/selenium-safari-driver/3.141.59/selenium-safari-driver-3.141.59.jar:/home/u1780/.m2/repository/org/seleniumhq/selenium/selenium-support/3.141.59/selenium-support-3.141.59.jar:/home/u1780/.m2/repository/net/bytebuddy/byte-buddy/1.8.15/byte-buddy-1.8.15.jar:/home/u1780/.m2/repository/org/apache/commons/commons-exec/1.3/commons-exec-1.3.jar:/home/u1780/.m2/repository/com/google/guava/guava/25.0-jre/guava-25.0-jre.jar:/home/u1780/.m2/repository/com/google/code/findbugs/jsr305/1.3.9/jsr305-1.3.9.jar:/home/u1780/.m2/repository/org/checkerframework/checker-compat-qual/2.0.0/checker-compat-qual-2.0.0.jar:/home/u1780/.m2/repository/com/google/errorprone/error_prone_annotations/2.1.3/error_prone_annotations-2.1.3.jar:/home/u1780/.m2/repository/com/google/j2objc/j2objc-annotations/1.1/j2objc-annotations-1.1.jar:/home/u1780/.m2/repository/org/codehaus/mojo/animal-sniffer-annotations/1.14/animal-sniffer-annotations-1.14.jar:/home/u1780/.m2/repository/com/squareup/okhttp3/okhttp/3.11.0/okhttp-3.11.0.jar:/home/u1780/.m2/repository/com/squareup/okio/okio/1.14.0/okio-1.14.0.jar:/home/u1780/.m2/repository/org/apache/pdfbox/pdfbox/2.0.23/pdfbox-2.0.23.jar:/home/u1780/.m2/repository/org/apache/pdfbox/fontbox/2.0.23/fontbox-2.0.23.jar:/home/u1780/.m2/repository/commons-logging/commons-logging/1.2/commons-logging-1.2.jar:/home/u1780/.m2/repository/com/fasterxml/jackson/dataformat/jackson-dataformat-properties/2.12.3/jackson-dataformat-properties-2.12.3.jar:/home/u1780/.m2/repository/com/fasterxml/jackson/core/jackson-databind/2.12.3/jackson-databind-2.12.3.jar:/home/u1780/.m2/repository/com/fasterxml/jackson/core/jackson-annotations/2.12.3/jackson-annotations-2.12.3.jar:/home/u1780/.m2/repository/com/fasterxml/jackson/core/jackson-core/2.12.3/jackson-core-2.12.3.jar:/home/u1780/.m2/repository/io/github/bonigarcia/webdrivermanager/5.9.2/webdrivermanager-5.9.2.jar:/home/u1780/.m2/repository/org/slf4j/slf4j-api/2.0.13/slf4j-api-2.0.13.jar:/home/u1780/.m2/repository/com/google/code/gson/gson/2.11.0/gson-2.11.0.jar:/home/u1780/.m2/repository/com/github/docker-java/docker-java/3.4.0/docker-java-3.4.0.jar:/home/u1780/.m2/repository/com/github/docker-java/docker-java-core/3.4.0/docker-java-core-3.4.0.jar:/home/u1780/.m2/repository/com/github/docker-java/docker-java-api/3.4.0/docker-java-api-3.4.0.jar:/home/u1780/.m2/repository/org/slf4j/jcl-over-slf4j/1.7.30/jcl-over-slf4j-1.7.30.jar:/home/u1780/.m2/repository/com/github/docker-java/docker-java-transport-httpclient5/3.4.0/docker-java-transport-httpclient5-3.4.0.jar:/home/u1780/.m2/repository/com/github/docker-java/docker-java-transport/3.4.0/docker-java-transport-3.4.0.jar:/home/u1780/.m2/repository/net/java/dev/jna/jna/5.13.0/jna-5.13.0.jar:/home/u1780/.m2/repository/org/brotli/dec/0.1.2/dec-0.1.2.jar:/home/u1780/.m2/repository/org/apache/commons/commons-lang3/3.15.0/commons-lang3-3.15.0.jar:/home/u1780/.m2/repository/org/apache/commons/commons-compress/1.26.2/commons-compress-1.26.2.jar:/home/u1780/.m2/repository/org/apache/httpcomponents/client5/httpclient5/5.2.1/httpclient5-5.2.1.jar:/home/u1780/.m2/repository/org/apache/httpcomponents/core5/httpcore5/5.2/httpcore5-5.2.jar:/home/u1780/.m2/repository/org/apache/httpcomponents/core5/httpcore5-h2/5.2/httpcore5-h2-5.2.jar:/home/u1780/.m2/repository/com/relevantcodes/extentreports/2.40.2/extentreports-2.40.2.jar:/home/u1780/.m2/repository/org/xerial/sqlite-jdbc/3.8.11.1/sqlite-jdbc-3.8.11.1.jar:/home/u1780/.m2/repository/org/freemarker/freemarker/2.3.23/freemarker-2.3.23.jar:/home/u1780/.m2/repository/com/aventstack/extentreports/5.0.9/extentreports-5.0.9.jar:/home/u1780/.m2/repository/io/reactivex/rxjava3/rxjava/3.0.4/rxjava-3.0.4.jar:/home/u1780/.m2/repository/org/reactivestreams/reactive-streams/1.0.3/reactive-streams-1.0.3.jar:/home/u1780/.m2/repository/org/apache/poi/poi/5.2.2/poi-5.2.2.jar:/home/u1780/.m2/repository/commons-codec/commons-codec/1.15/commons-codec-1.15.jar:/home/u1780/.m2/repository/org/apache/commons/commons-collections4/4.4/commons-collections4-4.4.jar:/home/u1780/.m2/repository/org/apache/commons/commons-math3/3.6.1/commons-math3-3.6.1.jar:/home/u1780/.m2/repository/commons-io/commons-io/2.11.0/commons-io-2.11.0.jar:/home/u1780/.m2/repository/com/zaxxer/SparseBitSet/1.2/SparseBitSet-1.2.jar:/home/u1780/.m2/repository/org/apache/logging/log4j/log4j-api/2.17.2/log4j-api-2.17.2.jar:/home/u1780/.m2/repository/org/apache/poi/poi-ooxml/5.2.2/poi-ooxml-5.2.2.jar:/home/u1780/.m2/repository/org/apache/poi/poi-ooxml-lite/5.2.2/poi-ooxml-lite-5.2.2.jar:/home/u1780/.m2/repository/org/apache/xmlbeans/xmlbeans/5.0.3/xmlbeans-5.0.3.jar:/home/u1780/.m2/repository/com/github/virtuald/curvesapi/1.07/curvesapi-1.07.jar:/home/u1780/.m2/repository/org/jsoup/jsoup/1.13.1/jsoup-1.13.1.jar:/home/u1780/.m2/repository/com/mysql/mysql-connector-j/9.1.0/mysql-connector-j-9.1.0.jar:/home/u1780/.m2/repository/com/google/protobuf/protobuf-java/4.26.1/protobuf-java-4.26.1.jar:/home/u1780/.m2/repository/org/projectlombok/lombok/1.18.30/lombok-1.18.30.jar:"/>
    <property name="sun.cpu.endian" value="little"/>
    <property name="user.home" value="/home/u1780"/>
    <property name="user.language" value="en"/>
    <property name="java.specification.vendor" value="Oracle Corporation"/>
    <property name="java.version.date" value="2024-10-15"/>
    <property name="java.home" value="/usr/lib/jvm/java-17-openjdk-amd64"/>
    <property name="file.separator" value="/"/>
    <property name="basedir" value="/home/u1780/MainProject/KTU_AutomationTestNG"/>
    <property name="java.vm.compressedOopsMode" value="32-bit"/>
    <property name="line.separator" value="&#10;"/>
    <property name="java.specification.name" value="Java Platform API Specification"/>
    <property name="java.vm.specification.vendor" value="Oracle Corporation"/>
    <property name="surefire.real.class.path" value="/home/u1780/MainProject/KTU_AutomationTestNG/target/surefire/surefirebooter-20250205090548567_3.jar"/>
    <property name="sun.management.compiler" value="HotSpot 64-Bit Tiered Compilers"/>
    <property name="java.runtime.version" value="17.0.13+11-Ubuntu-2ubuntu122.04"/>
    <property name="user.name" value="u1780"/>
    <property name="path.separator" value=":"/>
    <property name="os.version" value="6.8.0-52-generic"/>
    <property name="java.runtime.name" value="OpenJDK Runtime Environment"/>
    <property name="file.encoding" value="UTF-8"/>
    <property name="java.vm.name" value="OpenJDK 64-Bit Server VM"/>
    <property name="localRepository" value="/home/u1780/.m2/repository"/>
    <property name="java.vendor.url.bug" value="https://bugs.launchpad.net/ubuntu/+source/openjdk-17"/>
    <property name="java.io.tmpdir" value="/tmp"/>
    <property name="java.version" value="17.0.13"/>
    <property name="user.dir" value="/home/u1780/MainProject/KTU_AutomationTestNG"/>
    <property name="os.arch" value="amd64"/>
    <property name="java.vm.specification.name" value="Java Virtual Machine Specification"/>
    <property name="native.encoding" value="UTF-8"/>
    <property name="java.library.path" value="/usr/java/packages/lib:/usr/lib/x86_64-linux-gnu/jni:/lib/x86_64-linux-gnu:/usr/lib/x86_64-linux-gnu:/usr/lib/jni:/lib:/usr/lib"/>
    <property name="java.vm.info" value="mixed mode, sharing"/>
    <property name="java.vendor" value="Ubuntu"/>
    <property name="java.vm.version" value="17.0.13+11-Ubuntu-2ubuntu122.04"/>
    <property name="java.specification.maintenance.version" value="1"/>
    <property name="sun.io.unicode.encoding" value="UnicodeLittle"/>
    <property name="java.class.version" value="61.0"/>
  </properties>
  <testcase name="loginAsKtusupport" classname="com.ospyn.ktu.test.FeeWaiver" time="10.089">
    <system-out><![CDATA[driver path com.ospyn.ktu.util.BrowserSetup@6d3a388c
browser is chrome
url http://localhost:8081/university/login.htm
chrome
]]></system-out>
    <system-err><![CDATA[Starting ChromeDriver 127.0.6533.99 (f31af5097d90ef5ae5bd7b8700199bc6189ba34d-refs/branch-heads/6533@{#1910}) on port 30175
Only local connections are allowed.
Please see https://chromedriver.chromium.org/security-considerations for suggestions on keeping ChromeDriver safe.
ChromeDriver was started successfully.
Feb 05, 2025 9:05:50 AM org.openqa.selenium.remote.ProtocolHandshake createSession
INFO: Detected dialect: W3C
ERROR StatusLogger Log4j2 could not find a logging implementation. Please add log4j-core to the classpath. Using SimpleLogger to log to the console...
]]></system-err>
  </testcase>
  <testcase name="logout" classname="com.ospyn.ktu.test.FeeWaiver" time="4.809"/>
</testsuite>