<?xml version="1.0" encoding="UTF-8"?>
<!-- Generated by org.testng.reporters.JUnitReportReporter -->
<testsuite hostname="sebin" failures="0" tests="1" name="onlyLocal.tes" time="2.987" errors="0" timestamp="2025-02-06T10:40:16 IST" skipped="0">
  <testcase classname="onlyLocal.tes" name="m2" time="2.987"/>
</testsuite> <!-- onlyLocal.tes -->
