<?xml version="1.0" encoding="UTF-8"?>
<!-- Generated by org.testng.reporters.JUnitReportReporter -->
<testsuite hostname="sebin" failures="0" tests="1" name="com.ospyn.ktu.test.testing" time="4.854" errors="0" timestamp="2024-09-01T16:16:54 IST" skipped="0">
  <testcase classname="com.ospyn.ktu.test.testing" name="cc" time="4.854"/>
</testsuite> <!-- com.ospyn.ktu.test.testing -->
