<?xml version="1.0" encoding="UTF-8"?>
<!-- Generated by org.testng.reporters.JUnitReportReporter -->
<testsuite hostname="sebin" failures="0" tests="1" name="onlyLocal.TestMaven" time="6.132" errors="0" timestamp="2025-01-15T02:37:30 IST" skipped="0">
  <testcase classname="onlyLocal.TestMaven" name="m1" time="6.132"/>
</testsuite> <!-- onlyLocal.TestMaven -->
