<?xml version="1.0" encoding="UTF-8"?>
<!-- Generated by org.testng.reporters.JUnitReportReporter -->
<testsuite hostname="Simi" failures="0" tests="2" name="com.ospyn.ktu.util.GenerateExtentReport" time="0.007" errors="0" timestamp="2023-06-22T15:51:44 IST" skipped="0">
  <testcase classname="com.ospyn.ktu.util.GenerateExtentReport" name="demoReportPass" time="0.000"/>
  <system-out/>
  <testcase classname="com.ospyn.ktu.util.GenerateExtentReport" name="demoReportFail" time="0.007"/>
  <system-out/>
</testsuite> <!-- com.ospyn.ktu.util.GenerateExtentReport -->
