<?xml version="1.0" encoding="UTF-8"?>
<!-- Generated by org.testng.reporters.JUnitReportReporter -->
<testsuite hostname="sebin" failures="0" tests="1" name="com.ospyn.ktu.test.pagin" time="5.065" errors="0" timestamp="2024-09-05T10:34:11 IST" skipped="0">
  <testcase classname="com.ospyn.ktu.test.pagin" name="m3" time="5.065"/>
</testsuite> <!-- com.ospyn.ktu.test.pagin -->
