<?xml version="1.0" encoding="UTF-8"?>
<!-- Generated by org.testng.reporters.JUnitReportReporter -->
<testsuite hostname="sebin" failures="0" tests="1" name="com.ospyn.ktu.test.Login" time="1.019" errors="0" timestamp="2025-01-31T10:31:49 IST" skipped="0">
  <testcase classname="com.ospyn.ktu.test.Login" name="ktu_Page_Loaded" time="1.019"/>
</testsuite> <!-- com.ospyn.ktu.test.Login -->
