<?xml version="1.0" encoding="UTF-8"?>
<!-- Generated by org.testng.reporters.JUnitReportReporter -->
<testsuite hostname="sebin" failures="0" tests="1" name="com.ospyn.ktu.test.LowPass" time="0.008" errors="0" timestamp="2025-01-31T14:05:35 IST" skipped="0">
  <testcase classname="com.ospyn.ktu.test.LowPass" name="loginAsKtusupport" time="0.008"/>
</testsuite> <!-- com.ospyn.ktu.test.LowPass -->
