<?xml version="1.0" encoding="UTF-8"?>
<!-- Generated by org.testng.reporters.JUnitReportReporter -->
<testsuite hostname="sebin" failures="0" tests="2" name="com.ospyn.ktu.test.FeeWaiver" time="14.899" errors="0" timestamp="2025-02-05T09:06:06 IST" skipped="0">
  <testcase classname="com.ospyn.ktu.test.FeeWaiver" name="loginAsKtusupport" time="10.091"/>
  <system-out/>
  <testcase classname="com.ospyn.ktu.test.FeeWaiver" name="logout" time="4.808"/>
  <system-out/>
</testsuite> <!-- com.ospyn.ktu.test.FeeWaiver -->
