<?xml version="1.0" encoding="UTF-8"?>
<!-- Generated by org.testng.reporters.JUnitReportReporter -->
<testsuite hostname="sebin" failures="0" tests="1" name="onlyLocal.tes" time="3.131" errors="0" timestamp="2025-02-06T10:42:05 IST" skipped="0">
  <testcase classname="onlyLocal.tes" name="m2" time="3.131"/>
  <system-out/>
</testsuite> <!-- onlyLocal.tes -->
